<?xml version="1.0" encoding="UTF-8"?>
<!-- Generated by org.testng.reporters.JUnitXMLReporter -->
<testsuite ignored="1" hostname="Freedom" failures="0" tests="1" name="Default test" time="36.539" errors="0" timestamp="2022-05-15T11:48:44 IST">
  <testcase classname="com.qa.rakuten.tests.PointsActivityPageTest" name="userAvailablePointsTest" time="20.253"/>
  <testcase classname="com.qa.rakuten.tests.PointsActivityPageTest" name="userPendingPointsTest" time="0.0">
    <ignored/>
  </testcase> <!-- userPendingPointsTest -->
</testsuite> <!-- Default test -->
