<?xml version="1.0" encoding="UTF-8"?>
<!-- Generated by org.testng.reporters.JUnitXMLReporter -->
<testsuite ignored="0" hostname="Freedom" failures="0" tests="2" name="rakuten chrome test" time="75.423" errors="0" timestamp="2022-05-15T13:25:56 IST">
  <testcase classname="com.qa.rakuten.tests.PointsActivityPageTest" name="userAvailablePointsTest" time="21.833"/>
  <testcase classname="com.qa.rakuten.tests.PointsActivityPageTest" name="userPendingPointsTest" time="21.517"/>
</testsuite> <!-- rakuten chrome test -->
