<?xml version="1.0" encoding="UTF-8"?>
<testng-results ignored="0" total="2" passed="2" failed="0" skipped="0">
  <reporter-output>
  </reporter-output>
  <suite started-at="2022-05-15T13:24:41 IST" name="Suite" finished-at="2022-05-15T13:25:56 IST" duration-ms="75423">
    <groups>
    </groups>
    <test started-at="2022-05-15T13:24:41 IST" name="rakuten chrome test" finished-at="2022-05-15T13:25:56 IST" duration-ms="75423">
      <class name="com.qa.rakuten.tests.PointsActivityPageTest">
        <test-method is-config="true" signature="setup()[pri:0, instance:com.qa.rakuten.tests.PointsActivityPageTest@bd4dc25]" started-at="2022-05-15T13:24:41 IST" name="setup" finished-at="2022-05-15T13:24:56 IST" duration-ms="15828" status="PASS">
          <reporter-output>
          </reporter-output>
        </test-method> <!-- setup -->
        <test-method signature="userAvailablePointsTest()[pri:0, instance:com.qa.rakuten.tests.PointsActivityPageTest@bd4dc25]" started-at="2022-05-15T13:24:56 IST" name="userAvailablePointsTest" finished-at="2022-05-15T13:25:18 IST" duration-ms="21833" status="PASS">
          <reporter-output>
          </reporter-output>
        </test-method> <!-- userAvailablePointsTest -->
        <test-method is-config="true" signature="tearDown()[pri:0, instance:com.qa.rakuten.tests.PointsActivityPageTest@bd4dc25]" started-at="2022-05-15T13:25:18 IST" name="tearDown" finished-at="2022-05-15T13:25:19 IST" duration-ms="619" status="PASS">
          <reporter-output>
          </reporter-output>
        </test-method> <!-- tearDown -->
        <test-method is-config="true" signature="setup()[pri:0, instance:com.qa.rakuten.tests.PointsActivityPageTest@bd4dc25]" started-at="2022-05-15T13:25:19 IST" name="setup" finished-at="2022-05-15T13:25:34 IST" duration-ms="14998" status="PASS">
          <reporter-output>
          </reporter-output>
        </test-method> <!-- setup -->
        <test-method signature="userPendingPointsTest()[pri:0, instance:com.qa.rakuten.tests.PointsActivityPageTest@bd4dc25]" started-at="2022-05-15T13:25:34 IST" name="userPendingPointsTest" finished-at="2022-05-15T13:25:55 IST" duration-ms="21517" status="PASS">
          <reporter-output>
          </reporter-output>
        </test-method> <!-- userPendingPointsTest -->
        <test-method is-config="true" signature="tearDown()[pri:0, instance:com.qa.rakuten.tests.PointsActivityPageTest@bd4dc25]" started-at="2022-05-15T13:25:55 IST" name="tearDown" finished-at="2022-05-15T13:25:56 IST" duration-ms="605" status="PASS">
          <reporter-output>
          </reporter-output>
        </test-method> <!-- tearDown -->
      </class> <!-- com.qa.rakuten.tests.PointsActivityPageTest -->
    </test> <!-- rakuten chrome test -->
  </suite> <!-- Suite -->
</testng-results>
